* installing *source* package 'corrselect' ...
** this is package 'corrselect' version '2.0.1'
** using staged installation
** libs
using C++ compiler: 'G__~1.EXE (GCC) 14.2.0'
g++ -std=gnu++17  -I"C:/PROGRA~1/R/R-45~1.1/include" -DNDEBUG  -I'C:/Users/Gilles Colling/AppData/Local/R/win-library/4.5/Rcpp/include'   -I"C:/rtools45/x86_64-w64-mingw32.static.posix/include"      -O2 -Wall  -mfpmath=sse -msse2 -mstackrealign    -c RcppExports.cpp -o RcppExports.o
g++ -std=gnu++17  -I"C:/PROGRA~1/R/R-45~1.1/include" -DNDEBUG  -I'C:/Users/Gilles Colling/AppData/Local/R/win-library/4.5/Rcpp/include'   -I"C:/rtools45/x86_64-w64-mingw32.static.posix/include"      -O2 -Wall  -mfpmath=sse -msse2 -mstackrealign    -c corrselect_main.cpp -o corrselect_main.o
g++ -std=gnu++17  -I"C:/PROGRA~1/R/R-45~1.1/include" -DNDEBUG  -I'C:/Users/Gilles Colling/AppData/Local/R/win-library/4.5/Rcpp/include'   -I"C:/rtools45/x86_64-w64-mingw32.static.posix/include"      -O2 -Wall  -mfpmath=sse -msse2 -mstackrealign    -c method_bronkerbosch.cpp -o method_bronkerbosch.o
g++ -std=gnu++17  -I"C:/PROGRA~1/R/R-45~1.1/include" -DNDEBUG  -I'C:/Users/Gilles Colling/AppData/Local/R/win-library/4.5/Rcpp/include'   -I"C:/rtools45/x86_64-w64-mingw32.static.posix/include"      -O2 -Wall  -mfpmath=sse -msse2 -mstackrealign    -c method_els.cpp -o method_els.o
g++ -std=gnu++17  -I"C:/PROGRA~1/R/R-45~1.1/include" -DNDEBUG  -I'C:/Users/Gilles Colling/AppData/Local/R/win-library/4.5/Rcpp/include'   -I"C:/rtools45/x86_64-w64-mingw32.static.posix/include"      -O2 -Wall  -mfpmath=sse -msse2 -mstackrealign    -c method_spectral.cpp -o method_spectral.o
g++ -std=gnu++17  -I"C:/PROGRA~1/R/R-45~1.1/include" -DNDEBUG  -I'C:/Users/Gilles Colling/AppData/Local/R/win-library/4.5/Rcpp/include'   -I"C:/rtools45/x86_64-w64-mingw32.static.posix/include"      -O2 -Wall  -mfpmath=sse -msse2 -mstackrealign    -c utils.cpp -o utils.o
g++ -std=gnu++17 -shared -s -static-libgcc -o corrselect.dll tmp.def RcppExports.o corrselect_main.o method_bronkerbosch.o method_els.o method_spectral.o utils.o -LC:/rtools45/x86_64-w64-mingw32.static.posix/lib/x64 -LC:/rtools45/x86_64-w64-mingw32.static.posix/lib -LC:/PROGRA~1/R/R-45~1.1/bin/x64 -lR
installing to C:/Users/GILLES~1/DOCUME~1/dev/CORRSE~1/CORRSE~1.RCH/00LOCK-CORRSE~1/00new/corrselect/libs/x64
** R
** inst
** byte-compile and prepare package for lazy loading
** help
*** installing help indices
** building package indices
** installing vignettes
** testing if installed package can be loaded from temporary location
** testing if installed package can be loaded from final location
** testing if installed package keeps a record of temporary installation path
* DONE (corrselect)
