Hmm ... looks like a package
Converting parsed Rd's to LaTeX .
Creating pdf output from LaTeX ...
This is pdfTeX, Version 3.141592653-2.6-1.40.28 (TeX Live 2025) (preloaded format=pdflatex)
 restricted \write18 enabled.
entering extended mode
(./Rd2.tex
LaTeX2e <2025-06-01> patch level 1
L3 programming layer <2025-08-13>

(c:/ProgramData/TinyTeX/texmf-dist/tex/latex/base/book.cls
Document Class: book 2025/01/22 v1.4n Standard LaTeX document class
(c:/ProgramData/TinyTeX/texmf-dist/tex/latex/base/bk10.clo)) (c:/Program Files/R/R-4.5.1/share/texmf/tex/latex/Rd.sty (c:/ProgramData/TinyTeX/texmf-dist/tex/latex/base/ifthen.sty) (c:/ProgramData/TinyTeX/texmf-dist/tex/generic/iftex/iftex.sty) (c:/ProgramData/TinyTeX/texmf-dist/tex/latex/tools/longtable.sty) (c:/ProgramData/TinyTeX/texmf-dist/tex/latex/tools/bm.sty) (c:/ProgramData/TinyTeX/texmf-dist/tex/latex/base/alltt.sty) (c:/ProgramData/TinyTeX/texmf-dist/tex/latex/tools/verbatim.sty) (c:/ProgramData/TinyTeX/texmf-dist/tex/latex/url/url.sty) (c:/ProgramData/TinyTeX/texmf-dist/tex/latex/base/textcomp.sty) (c:/ProgramData/TinyTeX/texmf-dist/tex/latex/amsmath/amsmath.sty
For additional information on amsmath, use the `?' option.
(c:/ProgramData/TinyTeX/texmf-dist/tex/latex/amsmath/amstext.sty (c:/ProgramData/TinyTeX/texmf-dist/tex/latex/amsmath/amsgen.sty)) (c:/ProgramData/TinyTeX/texmf-dist/tex/latex/amsmath/amsbsy.sty) (c:/ProgramData/TinyTeX/texmf-dist/tex/latex/amsmath/amsopn.sty)) (c:/ProgramData/TinyTeX/texmf-dist/tex/latex/amsfonts/amsfonts.sty) (c:/ProgramData/TinyTeX/texmf-dist/tex/latex/amsfonts/amssymb.sty) (c:/ProgramData/TinyTeX/texmf-dist/tex/latex/amsfonts/eucal.sty) (c:/ProgramData/TinyTeX/texmf-dist/tex/latex/base/fontenc.sty) (c:/ProgramData/TinyTeX/texmf-dist/tex/latex/psnfss/times.sty) (c:/ProgramData/TinyTeX/texmf-dist/tex/latex/inconsolata/zi4.sty `inconsolata-zi4' v1.12, 2019/05/17 Text macros for Inconsolata (msharpe) (c:/ProgramData/TinyTeX/texmf-dist/tex/latex/xkeyval/xkeyval.sty (c:/ProgramData/TinyTeX/texmf-dist/tex/generic/xkeyval/xkeyval.tex (c:/ProgramData/TinyTeX/texmf-dist/tex/generic/xkeyval/xkvutils.tex (c:/ProgramData/TinyTeX/texmf-dist/tex/generic/xkeyval/keyval.tex))))) (c:/ProgramData/TinyTeX/texmf-dist/tex/latex/graphics/color.sty (c:/ProgramData/TinyTeX/texmf-dist/tex/latex/graphics-cfg/color.cfg) (c:/ProgramData/TinyTeX/texmf-dist/tex/latex/graphics-def/pdftex.def) (c:/ProgramData/TinyTeX/texmf-dist/tex/latex/graphics/mathcolor.ltx)) (c:/ProgramData/TinyTeX/texmf-dist/tex/latex/hyperref/hyperref.sty (c:/ProgramData/TinyTeX/texmf-dist/tex/latex/kvsetkeys/kvsetkeys.sty) (c:/ProgramData/TinyTeX/texmf-dist/tex/generic/kvdefinekeys/kvdefinekeys.sty) (c:/ProgramData/TinyTeX/texmf-dist/tex/generic/pdfescape/pdfescape.sty (c:/ProgramData/TinyTeX/texmf-dist/tex/generic/ltxcmds/ltxcmds.sty) (c:/ProgramData/TinyTeX/texmf-dist/tex/generic/pdftexcmds/pdftexcmds.sty (c:/ProgramData/TinyTeX/texmf-dist/tex/generic/infwarerr/infwarerr.sty))) (c:/ProgramData/TinyTeX/texmf-dist/tex/latex/hycolor/hycolor.sty) (c:/ProgramData/TinyTeX/texmf-dist/tex/latex/hyperref/nameref.sty (c:/ProgramData/TinyTeX/texmf-dist/tex/latex/refcount/refcount.sty) (c:/ProgramData/TinyTeX/texmf-dist/tex/generic/gettitlestring/gettitlestring.sty (c:/ProgramData/TinyTeX/texmf-dist/tex/latex/kvoptions/kvoptions.sty))) (c:/ProgramData/TinyTeX/texmf-dist/tex/latex/etoolbox/etoolbox.sty) (c:/ProgramData/TinyTeX/texmf-dist/tex/generic/stringenc/stringenc.sty) (c:/ProgramData/TinyTeX/texmf-dist/tex/latex/hyperref/pd1enc.def) (c:/ProgramData/TinyTeX/texmf-dist/tex/generic/intcalc/intcalc.sty) (c:/ProgramData/TinyTeX/texmf-dist/tex/latex/hyperref/puenc.def) (c:/ProgramData/TinyTeX/texmf-dist/tex/generic/bitset/bitset.sty (c:/ProgramData/TinyTeX/texmf-dist/tex/generic/bigintcalc/bigintcalc.sty))) (c:/ProgramData/TinyTeX/texmf-dist/tex/latex/hyperref/hpdftex.def (c:/ProgramData/TinyTeX/texmf-dist/tex/latex/rerunfilecheck/rerunfilecheck.sty (c:/ProgramData/TinyTeX/texmf-dist/tex/generic/uniquecounter/uniquecounter.sty)))) (c:/ProgramData/TinyTeX/texmf-dist/tex/latex/base/makeidx.sty)
Writing index file Rd2.idx
(c:/ProgramData/TinyTeX/texmf-dist/tex/latex/psnfss/t1ptm.fd) (c:/ProgramData/TinyTeX/texmf-dist/tex/latex/l3backend/l3backend-pdftex.def)
No file Rd2.aux.
(c:/ProgramData/TinyTeX/texmf-dist/tex/latex/inconsolata/t1zi4.fd) (c:/ProgramData/TinyTeX/texmf-dist/tex/latex/amsfonts/umsa.fd) (c:/ProgramData/TinyTeX/texmf-dist/tex/latex/amsfonts/umsb.fd)
No file Rd2.toc.

[1{c:/ProgramData/TinyTeX/texmf-var/fonts/map/pdftex/updmap/pdftex.map}{c:/ProgramData/TinyTeX/texmf-dist/fonts/enc/dvips/base/8r.enc}{c:/ProgramData/TinyTeX/texmf-dist/fonts/enc/dvips/inconsolata/i4-t1-0.enc}] (c:/ProgramData/TinyTeX/texmf-dist/tex/latex/inconsolata/ts1zi4.fd)
[2{c:/ProgramData/TinyTeX/texmf-dist/fonts/enc/dvips/inconsolata/i4-ts1.enc}]
Overfull \hbox (24.75021pt too wide) in paragraph at lines 104--104
 []  \T1/zi4/m/n/10 method_num_num = c("pearson", "spearman", "kendall", "bicor", "distance", "maximal"),[] 
(c:/ProgramData/TinyTeX/texmf-dist/tex/latex/psnfss/ts1ptm.fd)
[3]
Overfull \hbox (49.60448pt too wide) in paragraph at lines 225--229
[]\T1/ptm/m/n/10 A sim-u-lated dataset with the 19 World-Clim bio-cli-matic vari-ables (https://www.worldclim.org/data/bioclim.html)

[4]
[5]
[6]
Overfull \hbox (5.22855pt too wide) in paragraph at lines 418--420
[]\T1/zi4/m/n/10 "auto" []\T1/ptm/m/n/10 (de-fault): uses ex-act search if num-ber of pre-dic-tors <= []\T1/zi4/m/n/10 max_exact_p[]\T1/ptm/m/n/10 ,

[7]
[8]
Overfull \hbox (4.75021pt too wide) in paragraph at lines 523--523
 []  \T1/zi4/m/n/10 cor_method = c("pearson", "spearman", "kendall", "bicor", "distance", "maximal"),[] 

[9]
[10]
[11]
[12]
Overfull \hbox (9272.72217pt too wide) in paragraph at lines 804--805
[]

[13]
[14]
Overfull \hbox (18.30035pt too wide) in paragraph at lines 876--877
[]\T1/ptm/m/n/10 Numeric. Cor-

[15]
[16]
[17]
Overfull \hbox (3.22816pt too wide) in paragraph at lines 1043--1047
\T1/ptm/m/n/10 this pa-ram-e-ter is ig-nored (di-ag-nos-tics are com-puted by the en-gine's []\T1/zi4/m/n/10 diagnostics

Overfull \hbox (8.89812pt too wide) in paragraph at lines 1060--1062
[]\T1/ptm/m/n/10 Additional ar-gu-ments passed to the mod-el-ing func-tion (e.g., []\T1/zi4/m/n/10 family []\T1/ptm/m/n/10 for glm/glmer,

[18]
[19]
Overfull \hbox (243.07404pt too wide) in paragraph at lines 1178--1179
[]

Overfull \hbox (270.77698pt too wide) in paragraph at lines 1179--1180
[]

Overfull \hbox (48.67828pt too wide) in paragraph at lines 1180--1181
[]

[20]
No file Rd2.ind.

[21] (./Rd2.aux)

Package rerunfilecheck Warning: File `Rd2.out' has changed.
(rerunfilecheck)                Rerun to get outlines right
(rerunfilecheck)                or use package `bookmark'.

 )
(see the transcript file for additional information)<c:/ProgramData/TinyTeX/texmf-dist/fonts/type1/public/inconsolata/Inconsolata-zi4r.pfb><c:/ProgramData/TinyTeX/texmf-dist/fonts/type1/public/amsfonts/cm/cmmi10.pfb><c:/ProgramData/TinyTeX/texmf-dist/fonts/type1/public/amsfonts/cm/cmr10.pfb><c:/ProgramData/TinyTeX/texmf-dist/fonts/type1/public/amsfonts/cm/cmr7.pfb><c:/ProgramData/TinyTeX/texmf-dist/fonts/type1/urw/times/utmb8a.pfb><c:/ProgramData/TinyTeX/texmf-dist/fonts/type1/urw/times/utmr8a.pfb><c:/ProgramData/TinyTeX/texmf-dist/fonts/type1/urw/times/utmr8a.pfb><c:/ProgramData/TinyTeX/texmf-dist/fonts/type1/urw/times/utmri8a.pfb>
Output written on Rd2.pdf (21 pages, 151234 bytes).
Transcript written on Rd2.log.
This is makeindex, version 2.17 [TeX Live 2025] (kpathsea + Thai support).
Scanning input file Rd2.idx....done (58 entries accepted, 0 rejected).
Sorting entries....done (362 comparisons).
Generating output file Rd2.ind....done (72 lines written, 0 warnings).
Output written in Rd2.ind.
Transcript written in Rd2.ilg.
This is pdfTeX, Version 3.141592653-2.6-1.40.28 (TeX Live 2025) (preloaded format=pdflatex)
 restricted \write18 enabled.
entering extended mode
(./Rd2.tex
LaTeX2e <2025-06-01> patch level 1
L3 programming layer <2025-08-13>

(c:/ProgramData/TinyTeX/texmf-dist/tex/latex/base/book.cls
Document Class: book 2025/01/22 v1.4n Standard LaTeX document class
(c:/ProgramData/TinyTeX/texmf-dist/tex/latex/base/bk10.clo)) (c:/Program Files/R/R-4.5.1/share/texmf/tex/latex/Rd.sty (c:/ProgramData/TinyTeX/texmf-dist/tex/latex/base/ifthen.sty) (c:/ProgramData/TinyTeX/texmf-dist/tex/generic/iftex/iftex.sty) (c:/ProgramData/TinyTeX/texmf-dist/tex/latex/tools/longtable.sty) (c:/ProgramData/TinyTeX/texmf-dist/tex/latex/tools/bm.sty) (c:/ProgramData/TinyTeX/texmf-dist/tex/latex/base/alltt.sty) (c:/ProgramData/TinyTeX/texmf-dist/tex/latex/tools/verbatim.sty) (c:/ProgramData/TinyTeX/texmf-dist/tex/latex/url/url.sty) (c:/ProgramData/TinyTeX/texmf-dist/tex/latex/base/textcomp.sty) (c:/ProgramData/TinyTeX/texmf-dist/tex/latex/amsmath/amsmath.sty
For additional information on amsmath, use the `?' option.
(c:/ProgramData/TinyTeX/texmf-dist/tex/latex/amsmath/amstext.sty (c:/ProgramData/TinyTeX/texmf-dist/tex/latex/amsmath/amsgen.sty)) (c:/ProgramData/TinyTeX/texmf-dist/tex/latex/amsmath/amsbsy.sty) (c:/ProgramData/TinyTeX/texmf-dist/tex/latex/amsmath/amsopn.sty)) (c:/ProgramData/TinyTeX/texmf-dist/tex/latex/amsfonts/amsfonts.sty) (c:/ProgramData/TinyTeX/texmf-dist/tex/latex/amsfonts/amssymb.sty) (c:/ProgramData/TinyTeX/texmf-dist/tex/latex/amsfonts/eucal.sty) (c:/ProgramData/TinyTeX/texmf-dist/tex/latex/base/fontenc.sty) (c:/ProgramData/TinyTeX/texmf-dist/tex/latex/psnfss/times.sty) (c:/ProgramData/TinyTeX/texmf-dist/tex/latex/inconsolata/zi4.sty `inconsolata-zi4' v1.12, 2019/05/17 Text macros for Inconsolata (msharpe) (c:/ProgramData/TinyTeX/texmf-dist/tex/latex/xkeyval/xkeyval.sty (c:/ProgramData/TinyTeX/texmf-dist/tex/generic/xkeyval/xkeyval.tex (c:/ProgramData/TinyTeX/texmf-dist/tex/generic/xkeyval/xkvutils.tex (c:/ProgramData/TinyTeX/texmf-dist/tex/generic/xkeyval/keyval.tex))))) (c:/ProgramData/TinyTeX/texmf-dist/tex/latex/graphics/color.sty (c:/ProgramData/TinyTeX/texmf-dist/tex/latex/graphics-cfg/color.cfg) (c:/ProgramData/TinyTeX/texmf-dist/tex/latex/graphics-def/pdftex.def) (c:/ProgramData/TinyTeX/texmf-dist/tex/latex/graphics/mathcolor.ltx)) (c:/ProgramData/TinyTeX/texmf-dist/tex/latex/hyperref/hyperref.sty (c:/ProgramData/TinyTeX/texmf-dist/tex/latex/kvsetkeys/kvsetkeys.sty) (c:/ProgramData/TinyTeX/texmf-dist/tex/generic/kvdefinekeys/kvdefinekeys.sty) (c:/ProgramData/TinyTeX/texmf-dist/tex/generic/pdfescape/pdfescape.sty (c:/ProgramData/TinyTeX/texmf-dist/tex/generic/ltxcmds/ltxcmds.sty) (c:/ProgramData/TinyTeX/texmf-dist/tex/generic/pdftexcmds/pdftexcmds.sty (c:/ProgramData/TinyTeX/texmf-dist/tex/generic/infwarerr/infwarerr.sty))) (c:/ProgramData/TinyTeX/texmf-dist/tex/latex/hycolor/hycolor.sty) (c:/ProgramData/TinyTeX/texmf-dist/tex/latex/hyperref/nameref.sty (c:/ProgramData/TinyTeX/texmf-dist/tex/latex/refcount/refcount.sty) (c:/ProgramData/TinyTeX/texmf-dist/tex/generic/gettitlestring/gettitlestring.sty (c:/ProgramData/TinyTeX/texmf-dist/tex/latex/kvoptions/kvoptions.sty))) (c:/ProgramData/TinyTeX/texmf-dist/tex/latex/etoolbox/etoolbox.sty) (c:/ProgramData/TinyTeX/texmf-dist/tex/generic/stringenc/stringenc.sty) (c:/ProgramData/TinyTeX/texmf-dist/tex/latex/hyperref/pd1enc.def) (c:/ProgramData/TinyTeX/texmf-dist/tex/generic/intcalc/intcalc.sty) (c:/ProgramData/TinyTeX/texmf-dist/tex/latex/hyperref/puenc.def) (c:/ProgramData/TinyTeX/texmf-dist/tex/generic/bitset/bitset.sty (c:/ProgramData/TinyTeX/texmf-dist/tex/generic/bigintcalc/bigintcalc.sty))) (c:/ProgramData/TinyTeX/texmf-dist/tex/latex/hyperref/hpdftex.def (c:/ProgramData/TinyTeX/texmf-dist/tex/latex/rerunfilecheck/rerunfilecheck.sty (c:/ProgramData/TinyTeX/texmf-dist/tex/generic/uniquecounter/uniquecounter.sty)))) (c:/ProgramData/TinyTeX/texmf-dist/tex/latex/base/makeidx.sty)
Writing index file Rd2.idx
(c:/ProgramData/TinyTeX/texmf-dist/tex/latex/psnfss/t1ptm.fd) (c:/ProgramData/TinyTeX/texmf-dist/tex/latex/l3backend/l3backend-pdftex.def) (./Rd2.aux) (./Rd2.out) (./Rd2.out) (c:/ProgramData/TinyTeX/texmf-dist/tex/latex/inconsolata/t1zi4.fd) (c:/ProgramData/TinyTeX/texmf-dist/tex/latex/amsfonts/umsa.fd) (c:/ProgramData/TinyTeX/texmf-dist/tex/latex/amsfonts/umsb.fd) (./Rd2.toc
[1{c:/ProgramData/TinyTeX/texmf-var/fonts/map/pdftex/updmap/pdftex.map}{c:/ProgramData/TinyTeX/texmf-dist/fonts/enc/dvips/base/8r.enc}{c:/ProgramData/TinyTeX/texmf-dist/fonts/enc/dvips/inconsolata/i4-t1-0.enc}]) (c:/ProgramData/TinyTeX/texmf-dist/tex/latex/inconsolata/ts1zi4.fd)
[2{c:/ProgramData/TinyTeX/texmf-dist/fonts/enc/dvips/inconsolata/i4-ts1.enc}]
Overfull \hbox (24.75021pt too wide) in paragraph at lines 104--104
 []  \T1/zi4/m/n/10 method_num_num = c("pearson", "spearman", "kendall", "bicor", "distance", "maximal"),[] 
(c:/ProgramData/TinyTeX/texmf-dist/tex/latex/psnfss/ts1ptm.fd)
[3]
[4]
Overfull \hbox (49.60448pt too wide) in paragraph at lines 225--229
[]\T1/ptm/m/n/10 A sim-u-lated dataset with the 19 World-Clim bio-cli-matic vari-ables (https://www.worldclim.org/data/bioclim.html)

[5]
[6]
[7]
Overfull \hbox (5.22855pt too wide) in paragraph at lines 418--420
[]\T1/zi4/m/n/10 "auto" []\T1/ptm/m/n/10 (de-fault): uses ex-act search if num-ber of pre-dic-tors <= []\T1/zi4/m/n/10 max_exact_p[]\T1/ptm/m/n/10 ,

[8]
Overfull \hbox (4.75021pt too wide) in paragraph at lines 523--523
 []  \T1/zi4/m/n/10 cor_method = c("pearson", "spearman", "kendall", "bicor", "distance", "maximal"),[] 

[9]
[10]
[11]
[12]
[13]
Overfull \hbox (9272.72217pt too wide) in paragraph at lines 804--805
[]

[14]
Overfull \hbox (18.30035pt too wide) in paragraph at lines 876--877
[]\T1/ptm/m/n/10 Numeric. Cor-

[15]
[16]
[17]
Overfull \hbox (3.22816pt too wide) in paragraph at lines 1043--1047
\T1/ptm/m/n/10 this pa-ram-e-ter is ig-nored (di-ag-nos-tics are com-puted by the en-gine's []\T1/zi4/m/n/10 diagnostics

Overfull \hbox (8.89812pt too wide) in paragraph at lines 1060--1062
[]\T1/ptm/m/n/10 Additional ar-gu-ments passed to the mod-el-ing func-tion (e.g., []\T1/zi4/m/n/10 family []\T1/ptm/m/n/10 for glm/glmer,

[18]
[19]
Overfull \hbox (243.07404pt too wide) in paragraph at lines 1178--1179
[]

Overfull \hbox (270.77698pt too wide) in paragraph at lines 1179--1180
[]

Overfull \hbox (48.67828pt too wide) in paragraph at lines 1180--1181
[]

[20] (./Rd2.ind
[21]

LaTeX Font Warning: Font shape `T1/zi4/m/it' undefined
(Font)              using `T1/zi4/m/n' instead on input line 29.



[22]) (./Rd2.aux)

LaTeX Font Warning: Some font shapes were not available, defaults substituted.


Package rerunfilecheck Warning: File `Rd2.out' has changed.
(rerunfilecheck)                Rerun to get outlines right
(rerunfilecheck)                or use package `bookmark'.

 )
(see the transcript file for additional information)<c:/ProgramData/TinyTeX/texmf-dist/fonts/type1/public/inconsolata/Inconsolata-zi4r.pfb><c:/ProgramData/TinyTeX/texmf-dist/fonts/type1/public/amsfonts/cm/cmmi10.pfb><c:/ProgramData/TinyTeX/texmf-dist/fonts/type1/public/amsfonts/cm/cmr10.pfb><c:/ProgramData/TinyTeX/texmf-dist/fonts/type1/public/amsfonts/cm/cmr7.pfb><c:/ProgramData/TinyTeX/texmf-dist/fonts/type1/public/amsfonts/cm/cmsy10.pfb><c:/ProgramData/TinyTeX/texmf-dist/fonts/type1/urw/times/utmb8a.pfb><c:/ProgramData/TinyTeX/texmf-dist/fonts/type1/urw/times/utmr8a.pfb><c:/ProgramData/TinyTeX/texmf-dist/fonts/type1/urw/times/utmr8a.pfb><c:/ProgramData/TinyTeX/texmf-dist/fonts/type1/urw/times/utmri8a.pfb>
Output written on Rd2.pdf (22 pages, 165568 bytes).
Transcript written on Rd2.log.
This is makeindex, version 2.17 [TeX Live 2025] (kpathsea + Thai support).
Scanning input file Rd2.idx....done (58 entries accepted, 0 rejected).
Sorting entries....done (365 comparisons).
Generating output file Rd2.ind....done (72 lines written, 1 warning).
Output written in Rd2.ind.
Transcript written in Rd2.ilg.
This is pdfTeX, Version 3.141592653-2.6-1.40.28 (TeX Live 2025) (preloaded format=pdflatex)
 restricted \write18 enabled.
entering extended mode
(./Rd2.tex
LaTeX2e <2025-06-01> patch level 1
L3 programming layer <2025-08-13>

(c:/ProgramData/TinyTeX/texmf-dist/tex/latex/base/book.cls
Document Class: book 2025/01/22 v1.4n Standard LaTeX document class
(c:/ProgramData/TinyTeX/texmf-dist/tex/latex/base/bk10.clo)) (c:/Program Files/R/R-4.5.1/share/texmf/tex/latex/Rd.sty (c:/ProgramData/TinyTeX/texmf-dist/tex/latex/base/ifthen.sty) (c:/ProgramData/TinyTeX/texmf-dist/tex/generic/iftex/iftex.sty) (c:/ProgramData/TinyTeX/texmf-dist/tex/latex/tools/longtable.sty) (c:/ProgramData/TinyTeX/texmf-dist/tex/latex/tools/bm.sty) (c:/ProgramData/TinyTeX/texmf-dist/tex/latex/base/alltt.sty) (c:/ProgramData/TinyTeX/texmf-dist/tex/latex/tools/verbatim.sty) (c:/ProgramData/TinyTeX/texmf-dist/tex/latex/url/url.sty) (c:/ProgramData/TinyTeX/texmf-dist/tex/latex/base/textcomp.sty) (c:/ProgramData/TinyTeX/texmf-dist/tex/latex/amsmath/amsmath.sty
For additional information on amsmath, use the `?' option.
(c:/ProgramData/TinyTeX/texmf-dist/tex/latex/amsmath/amstext.sty (c:/ProgramData/TinyTeX/texmf-dist/tex/latex/amsmath/amsgen.sty)) (c:/ProgramData/TinyTeX/texmf-dist/tex/latex/amsmath/amsbsy.sty) (c:/ProgramData/TinyTeX/texmf-dist/tex/latex/amsmath/amsopn.sty)) (c:/ProgramData/TinyTeX/texmf-dist/tex/latex/amsfonts/amsfonts.sty) (c:/ProgramData/TinyTeX/texmf-dist/tex/latex/amsfonts/amssymb.sty) (c:/ProgramData/TinyTeX/texmf-dist/tex/latex/amsfonts/eucal.sty) (c:/ProgramData/TinyTeX/texmf-dist/tex/latex/base/fontenc.sty) (c:/ProgramData/TinyTeX/texmf-dist/tex/latex/psnfss/times.sty) (c:/ProgramData/TinyTeX/texmf-dist/tex/latex/inconsolata/zi4.sty `inconsolata-zi4' v1.12, 2019/05/17 Text macros for Inconsolata (msharpe) (c:/ProgramData/TinyTeX/texmf-dist/tex/latex/xkeyval/xkeyval.sty (c:/ProgramData/TinyTeX/texmf-dist/tex/generic/xkeyval/xkeyval.tex (c:/ProgramData/TinyTeX/texmf-dist/tex/generic/xkeyval/xkvutils.tex (c:/ProgramData/TinyTeX/texmf-dist/tex/generic/xkeyval/keyval.tex))))) (c:/ProgramData/TinyTeX/texmf-dist/tex/latex/graphics/color.sty (c:/ProgramData/TinyTeX/texmf-dist/tex/latex/graphics-cfg/color.cfg) (c:/ProgramData/TinyTeX/texmf-dist/tex/latex/graphics-def/pdftex.def) (c:/ProgramData/TinyTeX/texmf-dist/tex/latex/graphics/mathcolor.ltx)) (c:/ProgramData/TinyTeX/texmf-dist/tex/latex/hyperref/hyperref.sty (c:/ProgramData/TinyTeX/texmf-dist/tex/latex/kvsetkeys/kvsetkeys.sty) (c:/ProgramData/TinyTeX/texmf-dist/tex/generic/kvdefinekeys/kvdefinekeys.sty) (c:/ProgramData/TinyTeX/texmf-dist/tex/generic/pdfescape/pdfescape.sty (c:/ProgramData/TinyTeX/texmf-dist/tex/generic/ltxcmds/ltxcmds.sty) (c:/ProgramData/TinyTeX/texmf-dist/tex/generic/pdftexcmds/pdftexcmds.sty (c:/ProgramData/TinyTeX/texmf-dist/tex/generic/infwarerr/infwarerr.sty))) (c:/ProgramData/TinyTeX/texmf-dist/tex/latex/hycolor/hycolor.sty) (c:/ProgramData/TinyTeX/texmf-dist/tex/latex/hyperref/nameref.sty (c:/ProgramData/TinyTeX/texmf-dist/tex/latex/refcount/refcount.sty) (c:/ProgramData/TinyTeX/texmf-dist/tex/generic/gettitlestring/gettitlestring.sty (c:/ProgramData/TinyTeX/texmf-dist/tex/latex/kvoptions/kvoptions.sty))) (c:/ProgramData/TinyTeX/texmf-dist/tex/latex/etoolbox/etoolbox.sty) (c:/ProgramData/TinyTeX/texmf-dist/tex/generic/stringenc/stringenc.sty) (c:/ProgramData/TinyTeX/texmf-dist/tex/latex/hyperref/pd1enc.def) (c:/ProgramData/TinyTeX/texmf-dist/tex/generic/intcalc/intcalc.sty) (c:/ProgramData/TinyTeX/texmf-dist/tex/latex/hyperref/puenc.def) (c:/ProgramData/TinyTeX/texmf-dist/tex/generic/bitset/bitset.sty (c:/ProgramData/TinyTeX/texmf-dist/tex/generic/bigintcalc/bigintcalc.sty))) (c:/ProgramData/TinyTeX/texmf-dist/tex/latex/hyperref/hpdftex.def (c:/ProgramData/TinyTeX/texmf-dist/tex/latex/rerunfilecheck/rerunfilecheck.sty (c:/ProgramData/TinyTeX/texmf-dist/tex/generic/uniquecounter/uniquecounter.sty)))) (c:/ProgramData/TinyTeX/texmf-dist/tex/latex/base/makeidx.sty)
Writing index file Rd2.idx
(c:/ProgramData/TinyTeX/texmf-dist/tex/latex/psnfss/t1ptm.fd) (c:/ProgramData/TinyTeX/texmf-dist/tex/latex/l3backend/l3backend-pdftex.def) (./Rd2.aux) (./Rd2.out) (./Rd2.out) (c:/ProgramData/TinyTeX/texmf-dist/tex/latex/inconsolata/t1zi4.fd) (c:/ProgramData/TinyTeX/texmf-dist/tex/latex/amsfonts/umsa.fd) (c:/ProgramData/TinyTeX/texmf-dist/tex/latex/amsfonts/umsb.fd) (./Rd2.toc
[1{c:/ProgramData/TinyTeX/texmf-var/fonts/map/pdftex/updmap/pdftex.map}{c:/ProgramData/TinyTeX/texmf-dist/fonts/enc/dvips/base/8r.enc}{c:/ProgramData/TinyTeX/texmf-dist/fonts/enc/dvips/inconsolata/i4-t1-0.enc}]) (c:/ProgramData/TinyTeX/texmf-dist/tex/latex/inconsolata/ts1zi4.fd)
[2{c:/ProgramData/TinyTeX/texmf-dist/fonts/enc/dvips/inconsolata/i4-ts1.enc}]
Overfull \hbox (24.75021pt too wide) in paragraph at lines 104--104
 []  \T1/zi4/m/n/10 method_num_num = c("pearson", "spearman", "kendall", "bicor", "distance", "maximal"),[] 
(c:/ProgramData/TinyTeX/texmf-dist/tex/latex/psnfss/ts1ptm.fd)
[3]
[4]
Overfull \hbox (49.60448pt too wide) in paragraph at lines 225--229
[]\T1/ptm/m/n/10 A sim-u-lated dataset with the 19 World-Clim bio-cli-matic vari-ables (https://www.worldclim.org/data/bioclim.html)

[5]
[6]
[7]
Overfull \hbox (5.22855pt too wide) in paragraph at lines 418--420
[]\T1/zi4/m/n/10 "auto" []\T1/ptm/m/n/10 (de-fault): uses ex-act search if num-ber of pre-dic-tors <= []\T1/zi4/m/n/10 max_exact_p[]\T1/ptm/m/n/10 ,

[8]
Overfull \hbox (4.75021pt too wide) in paragraph at lines 523--523
 []  \T1/zi4/m/n/10 cor_method = c("pearson", "spearman", "kendall", "bicor", "distance", "maximal"),[] 

[9]
[10]
[11]
[12]
[13]
Overfull \hbox (9272.72217pt too wide) in paragraph at lines 804--805
[]

[14]
Overfull \hbox (18.30035pt too wide) in paragraph at lines 876--877
[]\T1/ptm/m/n/10 Numeric. Cor-

[15]
[16]
[17]
Overfull \hbox (3.22816pt too wide) in paragraph at lines 1043--1047
\T1/ptm/m/n/10 this pa-ram-e-ter is ig-nored (di-ag-nos-tics are com-puted by the en-gine's []\T1/zi4/m/n/10 diagnostics

Overfull \hbox (8.89812pt too wide) in paragraph at lines 1060--1062
[]\T1/ptm/m/n/10 Additional ar-gu-ments passed to the mod-el-ing func-tion (e.g., []\T1/zi4/m/n/10 family []\T1/ptm/m/n/10 for glm/glmer,

[18]
[19]
Overfull \hbox (243.07404pt too wide) in paragraph at lines 1178--1179
[]

Overfull \hbox (270.77698pt too wide) in paragraph at lines 1179--1180
[]

Overfull \hbox (48.67828pt too wide) in paragraph at lines 1180--1181
[]

[20] (./Rd2.ind
[21]

LaTeX Font Warning: Font shape `T1/zi4/m/it' undefined
(Font)              using `T1/zi4/m/n' instead on input line 29.



[22]) (./Rd2.aux)

LaTeX Font Warning: Some font shapes were not available, defaults substituted.

 )
(see the transcript file for additional information)<c:/ProgramData/TinyTeX/texmf-dist/fonts/type1/public/inconsolata/Inconsolata-zi4r.pfb><c:/ProgramData/TinyTeX/texmf-dist/fonts/type1/public/amsfonts/cm/cmmi10.pfb><c:/ProgramData/TinyTeX/texmf-dist/fonts/type1/public/amsfonts/cm/cmr10.pfb><c:/ProgramData/TinyTeX/texmf-dist/fonts/type1/public/amsfonts/cm/cmr7.pfb><c:/ProgramData/TinyTeX/texmf-dist/fonts/type1/public/amsfonts/cm/cmsy10.pfb><c:/ProgramData/TinyTeX/texmf-dist/fonts/type1/urw/times/utmb8a.pfb><c:/ProgramData/TinyTeX/texmf-dist/fonts/type1/urw/times/utmr8a.pfb><c:/ProgramData/TinyTeX/texmf-dist/fonts/type1/urw/times/utmr8a.pfb><c:/ProgramData/TinyTeX/texmf-dist/fonts/type1/urw/times/utmri8a.pfb>
Output written on Rd2.pdf (22 pages, 165308 bytes).
Transcript written on Rd2.log.
Saving output to 'corrselect-manual.pdf' ...
Done
You may want to clean up by 'rm -Rf C:/Users/GILLES~1/AppData/Local/Temp/RtmpcFQ3VU/Rd2pdfab247750b2d'
